2025-06-10 19:48:03,057 - INFO - \U0001f504 Fetching reviews for Dashen Bank...
2025-06-10 19:48:05,683 - INFO - \u270d\ufe0f Dashen Bank: Written 50 reviews...
2025-06-10 19:48:05,686 - INFO - \u270d\ufe0f Dashen Bank: Written 100 reviews...
2025-06-10 19:48:05,686 - INFO - \u270d\ufe0f Dashen Bank: Written 150 reviews...
2025-06-10 19:48:05,686 - INFO - \u270d\ufe0f Dashen Bank: Written 200 reviews...
2025-06-10 19:48:05,686 - INFO - \u270d\ufe0f Dashen Bank: Written 250 reviews...
2025-06-10 19:48:05,690 - INFO - \u270d\ufe0f Dashen Bank: Written 300 reviews...
2025-06-10 19:48:05,691 - INFO - \u270d\ufe0f Dashen Bank: Written 350 reviews...
2025-06-10 19:48:05,694 - INFO - \u270d\ufe0f Dashen Bank: Written 400 reviews...
2025-06-10 19:48:05,694 - INFO - \u270d\ufe0f Dashen Bank: Written 450 reviews...
2025-06-10 19:48:05,694 - INFO - \u2705 Saved 452 reviews for Dashen Bank to Dashen_Bank_reviews_20250610_194805.csv
2025-06-10 19:48:05,694 - INFO - \U0001f504 Fetching reviews for Commercial Bank of Ethiopia...
2025-06-10 19:48:08,464 - INFO - \u270d\ufe0f Commercial Bank of Ethiopia: Written 50 reviews...
2025-06-10 19:48:08,469 - INFO - \u270d\ufe0f Commercial Bank of Ethiopia: Written 100 reviews...
2025-06-10 19:48:08,470 - INFO - \u270d\ufe0f Commercial Bank of Ethiopia: Written 150 reviews...
2025-06-10 19:48:08,470 - INFO - \u270d\ufe0f Commercial Bank of Ethiopia: Written 200 reviews...
2025-06-10 19:48:08,470 - INFO - \u270d\ufe0f Commercial Bank of Ethiopia: Written 250 reviews...
2025-06-10 19:48:08,470 - INFO - \u270d\ufe0f Commercial Bank of Ethiopia: Written 300 reviews...
2025-06-10 19:48:08,470 - INFO - \u270d\ufe0f Commercial Bank of Ethiopia: Written 350 reviews...
2025-06-10 19:48:08,470 - INFO - \u270d\ufe0f Commercial Bank of Ethiopia: Written 400 reviews...
2025-06-10 19:48:08,477 - INFO - \u270d\ufe0f Commercial Bank of Ethiopia: Written 450 reviews...
2025-06-10 19:48:08,477 - INFO - \u270d\ufe0f Commercial Bank of Ethiopia: Written 500 reviews...
2025-06-10 19:48:08,477 - INFO - \u2705 Saved 500 reviews for Commercial Bank of Ethiopia to Commercial_Bank_of_Ethiopia_reviews_20250610_194808.csv
2025-06-10 19:48:08,480 - INFO - \U0001f504 Fetching reviews for Bank of Abyssinia...
2025-06-10 19:48:11,012 - INFO - \u270d\ufe0f Bank of Abyssinia: Written 50 reviews...
2025-06-10 19:48:11,014 - INFO - \u270d\ufe0f Bank of Abyssinia: Written 100 reviews...
2025-06-10 19:48:11,014 - INFO - \u270d\ufe0f Bank of Abyssinia: Written 150 reviews...
2025-06-10 19:48:11,014 - INFO - \u270d\ufe0f Bank of Abyssinia: Written 200 reviews...
2025-06-10 19:48:11,014 - INFO - \u270d\ufe0f Bank of Abyssinia: Written 250 reviews...
2025-06-10 19:48:11,014 - INFO - \u270d\ufe0f Bank of Abyssinia: Written 300 reviews...
2025-06-10 19:48:11,014 - INFO - \u270d\ufe0f Bank of Abyssinia: Written 350 reviews...
2025-06-10 19:48:11,014 - INFO - \u270d\ufe0f Bank of Abyssinia: Written 400 reviews...
2025-06-10 19:48:11,014 - INFO - \u270d\ufe0f Bank of Abyssinia: Written 450 reviews...
2025-06-10 19:48:11,014 - INFO - \u270d\ufe0f Bank of Abyssinia: Written 500 reviews...
2025-06-10 19:48:11,014 - INFO - \u2705 Saved 500 reviews for Bank of Abyssinia to Bank_of_Abyssinia_reviews_20250610_194811.csv
