2025-06-10 18:59:36,388 - INFO - \U0001f504 Starting to fetch reviews...
2025-06-10 18:59:40,704 - INFO - Fetched 452 reviews
2025-06-10 18:59:40,705 - INFO - \u270d\ufe0f Written 50 reviews to Dashen_reviews_full_20250610_185940.csv...
2025-06-10 18:59:40,705 - INFO - \u270d\ufe0f Written 100 reviews to Dashen_reviews_full_20250610_185940.csv...
2025-06-10 18:59:40,705 - INFO - \u270d\ufe0f Written 150 reviews to Dashen_reviews_full_20250610_185940.csv...
2025-06-10 18:59:40,706 - INFO - \u270d\ufe0f Written 200 reviews to Dashen_reviews_full_20250610_185940.csv...
2025-06-10 18:59:40,706 - INFO - \u270d\ufe0f Written 250 reviews to Dashen_reviews_full_20250610_185940.csv...
2025-06-10 18:59:40,708 - INFO - \u270d\ufe0f Written 300 reviews to Dashen_reviews_full_20250610_185940.csv...
2025-06-10 18:59:40,709 - INFO - \u270d\ufe0f Written 350 reviews to Dashen_reviews_full_20250610_185940.csv...
2025-06-10 18:59:40,710 - INFO - \u270d\ufe0f Written 400 reviews to Dashen_reviews_full_20250610_185940.csv...
2025-06-10 18:59:40,710 - INFO - \u270d\ufe0f Written 450 reviews to Dashen_reviews_full_20250610_185940.csv...
2025-06-10 18:59:40,710 - INFO - \u2705 Saved full batch of 452 reviews to Dashen_reviews_full_20250610_185940.csv
2025-06-10 18:59:40,712 - INFO - \u2705 Saved preview batch of 100 reviews to Dashen_reviews_preview_20250610_185940.csv
2025-06-10 19:26:26,626 - INFO - \U0001f504 Starting to fetch reviews...
2025-06-10 19:26:30,035 - INFO - Fetched 452 reviews
2025-06-10 19:26:30,037 - INFO - \u270d\ufe0f Written 50 reviews to Dashen_reviews_full_20250610_192630.csv...
2025-06-10 19:26:30,037 - INFO - \u270d\ufe0f Written 100 reviews to Dashen_reviews_full_20250610_192630.csv...
2025-06-10 19:26:30,039 - INFO - \u270d\ufe0f Written 150 reviews to Dashen_reviews_full_20250610_192630.csv...
2025-06-10 19:26:30,039 - INFO - \u270d\ufe0f Written 200 reviews to Dashen_reviews_full_20250610_192630.csv...
2025-06-10 19:26:30,041 - INFO - \u270d\ufe0f Written 250 reviews to Dashen_reviews_full_20250610_192630.csv...
2025-06-10 19:26:30,041 - INFO - \u270d\ufe0f Written 300 reviews to Dashen_reviews_full_20250610_192630.csv...
2025-06-10 19:26:30,043 - INFO - \u270d\ufe0f Written 350 reviews to Dashen_reviews_full_20250610_192630.csv...
2025-06-10 19:26:30,043 - INFO - \u270d\ufe0f Written 400 reviews to Dashen_reviews_full_20250610_192630.csv...
2025-06-10 19:26:30,045 - INFO - \u270d\ufe0f Written 450 reviews to Dashen_reviews_full_20250610_192630.csv...
2025-06-10 19:26:30,045 - INFO - \u2705 Saved full batch of 452 reviews to Dashen_reviews_full_20250610_192630.csv
2025-06-10 19:26:30,049 - INFO - \u2705 Saved preview batch of 100 reviews to Dashen_reviews_preview_20250610_192630.csv
2025-06-10 19:32:14,912 - INFO - \U0001f504 Starting to fetch reviews...
2025-06-10 19:32:17,473 - INFO - Fetched 452 reviews
2025-06-10 19:32:17,473 - INFO - \u270d\ufe0f Written 50 reviews to Dashen_reviews_20250610_193217.csv...
2025-06-10 19:32:17,473 - INFO - \u270d\ufe0f Written 100 reviews to Dashen_reviews_20250610_193217.csv...
2025-06-10 19:32:17,473 - INFO - \u270d\ufe0f Written 150 reviews to Dashen_reviews_20250610_193217.csv...
2025-06-10 19:32:17,473 - INFO - \u270d\ufe0f Written 200 reviews to Dashen_reviews_20250610_193217.csv...
2025-06-10 19:32:17,473 - INFO - \u270d\ufe0f Written 250 reviews to Dashen_reviews_20250610_193217.csv...
2025-06-10 19:32:17,473 - INFO - \u270d\ufe0f Written 300 reviews to Dashen_reviews_20250610_193217.csv...
2025-06-10 19:32:17,473 - INFO - \u270d\ufe0f Written 350 reviews to Dashen_reviews_20250610_193217.csv...
2025-06-10 19:32:17,473 - INFO - \u270d\ufe0f Written 400 reviews to Dashen_reviews_20250610_193217.csv...
2025-06-10 19:32:17,473 - INFO - \u270d\ufe0f Written 450 reviews to Dashen_reviews_20250610_193217.csv...
2025-06-10 19:32:17,473 - INFO - \u2705 Finished writing 452 reviews to Dashen_reviews_20250610_193217.csv
2025-06-10 19:35:02,498 - INFO - Starting to fetch reviews...
2025-06-10 19:35:04,976 - INFO - Fetched 452 reviews
2025-06-10 19:35:04,978 - INFO - \u270d\ufe0f Written 50 reviews to Dashen_reviews_20250610_193504.csv...
2025-06-10 19:35:04,982 - INFO - \u270d\ufe0f Written 100 reviews to Dashen_reviews_20250610_193504.csv...
2025-06-10 19:35:04,982 - INFO - \u270d\ufe0f Written 150 reviews to Dashen_reviews_20250610_193504.csv...
2025-06-10 19:35:04,986 - INFO - \u270d\ufe0f Written 200 reviews to Dashen_reviews_20250610_193504.csv...
2025-06-10 19:35:04,987 - INFO - \u270d\ufe0f Written 250 reviews to Dashen_reviews_20250610_193504.csv...
2025-06-10 19:35:04,989 - INFO - \u270d\ufe0f Written 300 reviews to Dashen_reviews_20250610_193504.csv...
2025-06-10 19:35:04,989 - INFO - \u270d\ufe0f Written 350 reviews to Dashen_reviews_20250610_193504.csv...
2025-06-10 19:35:04,989 - INFO - \u270d\ufe0f Written 400 reviews to Dashen_reviews_20250610_193504.csv...
2025-06-10 19:35:04,989 - INFO - \u270d\ufe0f Written 450 reviews to Dashen_reviews_20250610_193504.csv...
2025-06-10 19:35:04,994 - INFO -  Finished writing 452 reviews to Dashen_reviews_20250610_193504.csv
